<?xml version="1.0" encoding="UTF-8"?>
<!-- Generated by org.testng.reporters.JUnitReportReporter -->
<testsuite hostname="LAPTOP-AOTFQ1S8" failures="0" tests="1" name="com.generalStore.LaunchGeneralStoreTest" time="106.318" errors="0" timestamp="2023-03-27T20:17:51 IST" skipped="0">
  <testcase classname="com.generalStore.LaunchGeneralStoreTest" name="generalStoreTest" time="106.318"/>
  <system-out/>
</testsuite> <!-- com.generalStore.LaunchGeneralStoreTest -->
