<?xml version="1.0" encoding="UTF-8"?>
<!-- Generated by org.testng.reporters.JUnitReportReporter -->
<testsuite hostname="LAPTOP-AOTFQ1S8" failures="0" tests="1" name="driverActions.DriverActions" time="62.624" errors="0" timestamp="2023-03-25T17:10:22 IST" skipped="0">
  <testcase classname="driverActions.DriverActions" name="driverActionsTest" time="62.624"/>
  <system-out/>
</testsuite> <!-- driverActions.DriverActions -->
