<?xml version="1.0" encoding="UTF-8"?>
<!-- Generated by org.testng.reporters.JUnitReportReporter -->
<testsuite hostname="LAPTOP-AOTFQ1S8" failures="0" tests="1" name="apidemos.LaunchApiDemos" time="152.615" errors="0" timestamp="2023-03-27T18:09:19 IST" skipped="0">
  <testcase classname="apidemos.LaunchApiDemos" name="longPress" time="152.615"/>
  <system-out/>
</testsuite> <!-- apidemos.LaunchApiDemos -->
